<?xml version="1.0" encoding="UTF-8"?>
<!-- Generated by org.testng.reporters.JUnitReportReporter -->
<testsuite hostname="DESKTOP-Q2UABMJ" failures="0" tests="1" name="com.parameters.ParametersTest" time="9.729" errors="0" timestamp="2024-08-29T18:40:01 IST" skipped="0">
  <testcase classname="com.parameters.ParametersTest" name="paramtr" time="9.729"/>
</testsuite> <!-- com.parameters.ParametersTest -->
