<?xml version="1.0" encoding="UTF-8"?>
<!-- Generated by org.testng.reporters.JUnitReportReporter -->
<testsuite hostname="DESKTOP-Q2UABMJ" failures="0" tests="2" name="com.test.TestNgProject" time="27.442" errors="0" timestamp="2024-08-29T12:20:25 IST" skipped="0">
  <testcase classname="com.test.TestNgProject" name="TwelweTone_Login" time="16.946"/>
  <system-out/>
  <testcase classname="com.test.TestNgProject" name="TwelweLogin" time="10.496"/>
  <system-out/>
</testsuite> <!-- com.test.TestNgProject -->
