<?xml version="1.0" encoding="UTF-8"?>
<!-- Generated by org.testng.reporters.JUnitReportReporter -->
<testsuite hostname="DESKTOP-Q2UABMJ" failures="0" tests="2" name="com.tdd.Data_Driven_Test.Data_ProviderTest" time="20.145" errors="0" timestamp="2024-08-30T13:48:37 IST" skipped="0">
  <testcase classname="com.tdd.Data_Driven_Test.Data_ProviderTest" name="twelve_Tone" time="10.278"/>
  <testcase classname="com.tdd.Data_Driven_Test.Data_ProviderTest" name="twelve_Tone" time="9.867"/>
</testsuite> <!-- com.tdd.Data_Driven_Test.Data_ProviderTest -->
