<?xml version="1.0" encoding="UTF-8"?>
<!-- Generated by org.testng.reporters.JUnitReportReporter -->
<testsuite hostname="DESKTOP-Q2UABMJ" failures="0" tests="1" name="com.test.FeaturesOf_TestNG" time="6.924" errors="0" timestamp="2024-08-28T17:40:58 IST" skipped="0">
  <testcase classname="com.test.FeaturesOf_TestNG" name="twelweToneTitle" time="6.924"/>
  <system-out/>
</testsuite> <!-- com.test.FeaturesOf_TestNG -->
